<?xml version="1.0" encoding="UTF-8"?>
<!-- Generated by org.testng.reporters.JUnitXMLReporter -->
<testsuite ignored="0" hostname="DESKTOP-K7CIP8L" failures="0" tests="4" name="Test1" time="0.07" errors="0" timestamp="2020-05-04T01:53:50 BST">
  <testcase classname="listners.TestNGGroupsDemo" name="test1" time="0.011"/>
  <testcase classname="listners.TestNGGroupsDemo" name="test2" time="0.002"/>
  <testcase classname="listners.TestNGGroupsDemo" name="test3" time="0.001"/>
  <testcase classname="listners.TestNGGroupsDemo" name="test4" time="0.001"/>
</testsuite> <!-- Test1 -->
