<?xml version="1.0" encoding="UTF-8"?>
<!-- Generated by org.testng.reporters.JUnitXMLReporter -->
<testsuite ignored="2" hostname="DESKTOP-K7CIP8L" failures="0" tests="1" name="Default test(failed)(failed)" time="0.05" errors="0" timestamp="2020-05-04T11:17:55 BST">
  <testcase classname="listners.TestNGRetryFailedDemo" name="test3" time="0.01"/>
  <testcase classname="listners.TestNGRetryFailedDemo" name="test1" time="0.0">
    <ignored/>
  </testcase> <!-- test1 -->
  <testcase classname="listners.TestNGRetryFailedDemo" name="test2" time="0.0">
    <ignored/>
  </testcase> <!-- test2 -->
</testsuite> <!-- Default test(failed)(failed) -->
